. . . . . . . . . . . . . 10 . . . . . . . . . . . . . . . . . . . . .
. . . . . > . > . > . > . / . . . > . . . > . . . > . . . . . . . . .
. . . . ^ 0 . . . 1 . . . . v . ^ . v . ^ . v . ^ . v . . . . . . . .
. . . . A = . = . # S . . . . . . . . . . . . . . . . . . . . . . . .
. . . . v . v . . . . . . . v . ^ . v . ^ . v . ^ . v . . . . . . . .
. . . . . . . > . > S . . . . . . . . . . . . . . . . . . . . . . . .
. . . . v . . . . . . . . . v . ^ . v . ^ . v . ^ . v . . . . . . . .
. . . . . . . . . . . . . . . > . . . > . . . > . . . . . . . . . . .
. . . . v 10 . 2 . -2 . 1 . . . . . . . . . . . . . . v . . . . . . .
. . . . . % . % . * . + . > . > . > . > . > . . . . . . . . . . . . .
. . . . . . . . . . . . . . . . . . . . . . v . . . v . . . . . . . .
. . . . . v . . 2 . . . . . . . . . . . . . . . . . . . . . . . . . .
. . . . . . > . % . . . . . . . . . . . . . v . . 22 @ 9 . . . . . . .
. . . . . v 3 . . . @ . . . . . . . . . . . . . . . 35 . . . . . . . .
. . . . . . - . + . # . . . . . . . . . . . v . . . . . . . . . . . .
. . . . . . . . . . . . . . . . . . . . . . . . . . . . . . . . . . .
. . . . . . . . . . v . . . . . . . . . . . v . . . . . . . . . . . .
. < . < . < . < . < . . . . . . . . . . . . . . . . . . . . . . . . .
v . . 50 . 0 . . . . v 1 . . . . . . . . . . v . . . . . . . . . . . .
. . 0 % . = . . . . . # . > . > . . . . . . . . . . . . . . . . . . .
v . v . . . ^ . . . . . . . . . v . . . . . v . . . . . . . . . . . .
. . . . # # . . . . . . . . . . . ^ . . . . . . . . . . . . . . . . .
v . v . > . . . . 50 . . . . . = # . . . . . v . . . . . . . . . . . .
. . . > . . . > . / . . . . . # . . > . . . . . . . . . . . . . . . .
v . v . = . . 50 . . . . > . > . . . . . . . v . . . . . . . . . . . .
. . . ^ . > . * . v . ^ . . . . . . . . . . . . . . . . . . . . . . .
v # # . . . . . > . > . . . . . v . > . . . v . . . . . . . . . . . .
. . . v . . . . . . . . . . . . . ^ . v . . . > . > . > . > . > . . .
v . . . > . > . > . . . > . . # # . . . . . v . . . . . . . . . v . .
. . . > . . . . . v . ^ . v . @ . . . v 50 . . . 99 . 99 . 0 . . . . .
v . ^ . v . . . . . . . . . . . > . > . % . + . + . / . = S . . v . .
. . . . . . . . . v . ^ . v . ^ . . . v . . . . . . . . . . . . . . .
v . ^ . v . . . . . > . . . . . . . . . . . . . . . . . . . . . v . .
. . . . . . . . . . . . . v . ^ . . . v . . . . . . . . . . . . . . .
v . ^ -7 @ 16 . . . . . . . . . . . . . . > . > . > . > . > . > . + . .
. . . . 35 . . . . . . . . v . ^ . . . . . . . . . . . . . . . < . . .
v . ^ . . . . . . . . . . . > . . . . . . . . . . . . . . . v . v . .
. . . . . . . . . . . . . . . . . . . . . . . . . . . . . . . . . . .
v . ^ . . . . . . . . . . . . . . . . . . . . . . . . . . 28 @ 19 v . .
. > . . . . . . . . . . . . . . . . . . . . . . . . . . . . 35 . . . .
. . . . . . . . . . . . . . . . . . . . . . . . . . . . . . . 25 @ 38 .
. . . . . . . . . . . . . . . . . . . . . . . . . . . . . . . . 35 . .
