. . . . . . . . . . . . . . . . . . . . . . . . . . . . . . . . . . . . . . . . . . . . . . . . . .
. . . . . . . . . . . . . . . . . . . . . . . . . . . . . . . . . . . . . . . . . . . . . . . . . .
. . . . . . . . . . . . . . . . . . . . . . . . . . . . . . . . . . . . . . . . . . . . . . . . . .
. . . . . . . . . . . . . . . . . . . . . . . . . . . . . . . . . . . . . . . . . . . . . . . . . .
. . . . . . . . . . . . . . . . . . . . . . . . . . . . . . . . . . . . . . . . . . . . . . . . . .
. . . . . . . . . . . . . . . . . . . . . . . . . . . . . . . . . . . . . . . . . . . . . . . . . .
. . . . . . . . . . . . . . . . . . . . . . . . . . . . . . . . . . . . . . . . . . . . . . . . . .
. . . . . . . . . . . . . . . . . . . . . . . . . . . . . . . . . . . . . . . . . . . . . . . . . .
. . . . . . . . . . . . . . . . . . . . . . . . . . . . . . . . . . . . . . . . . . . . . . . . . .
. . . . . . . . . . . . . . . . . . . . . . . . . . . . . . . . . . . . . . . . . . . . . . . . . .
. . . . . . . . . . . . . . . . . . . . . . . . . . . . . . . . . . . . . . . . . . . . . . . . . .
. . . . . . . . . . . . . . . . . . . . . . . . . . . . . . . . . . . . . . . . . . . . . . . . . .
. . . . . . . . . . . . . . . . . . . . . . . . . . . . ; . . . . . . . . . . . . . . . . . . . . .
. . . . . . . . . . . . . . . . . . . . . . . . > . > . / . > . > . . . . . . . . . . . . . . . . .
. . . . . . . . . . . . . . . . . . . . . . . ^ . . . . . . . . ' @ b . . . . . . . . . . . . . . .
. . . . . . . . . . . . . . . . . . . . . 0 . . . . . . . . . . . 9 . . . . . . . . . . . . . . . .
. . . . . . . . . . . . . . . . . . . . A # . ^ . . . . . . . . . . . . . . . . . . . . . . . . . .
. . . . . . . . . . . . . . . . . . . . . . > . . . . . . . . . . . . . . . . . . . . . . . . . . .
. . . . . . . . . . . . . . . . . . . . . v . . . . . . . . . . W . . . . . . . . . W . . . . . . .
. . . . . . . . . . . . . . . . . . . . . . . . . . . . . . . V * . . . . . . . . U * . . . . . . .
. . . . . . . . . . . . . . . . . . . . . v . . . . . . . . . . . . . . . . . . . . . . . . . . . .
. . . . . . . . . . . . . . . . . . . . . . . . . . . . . . . 2 * . . . . . . . . 6 * . . . . . . .
. . . . . . . . . . . . . . . . . . . . . v ; . . . . . . . . . . . . . . . . . . . . . . . . . . .
. . . . . . . . 1 . 1 . 1 . . . . . . . . . % . > . . . . . . X + . . . . . . . . Y + . . . . . . .
. . . . . . . . . . . . . . . . . . . . . . . . . v @ . . . . . . > . > . . . < . < . . . . . . . .
. . . . . . . . 0 . 0 . 0 . . . . . . . . . v . . . # . . . . . . . v . v . v . v . . . . . . . . .
. . . . . . . 0 + . + . + . . . . . . . . . . . . . W . . . . . . . . . . . . . . . . . . . . . . .
. . . . . . . . . . . . . v . . . . . . . . v @ . f @ g . . . . . . v . v . v . v . . . . . . . . .
. . . . . . . . < . < . < . . . . . . . . . . # . . 6 . . . . . . . . . . . . . . . . . . . . . . .
. . . . . . . v 1 . 1 . 1 . . . . . . . . . . U . . . . . . . . . . v . v v v . v . . . . . . . . .
. . . . . . . . . . . . . . . . . . . . . . 2 @ b . . . . . . . . < . . . @ . . . > . . . . . . . .
. . . . . . . v 0 . 0 . 0 . . . . . . . . . . 6 . . . . . . . 1 @ 8 . . . 9 . . . 1 @ 8 . . . . . .
. . . . . . . . + . + . + . . . . . . . . U . . . . . . . . . . 9 . . . . . . . . . 9 . . . . . . .
. . . . . . . . . . . . . v . . . . . . . v 2 . . . . . . . . . . 0 . . . 2 . . . . . . . . . . . .
. . . . . . . . < . < . < . . . . . . . . . % . > . > . . . . . W + . > . % . . . . . . . . . . . .
. . . . . . . v 1 . 1 . 1 . . . . . . . . v . > . . . v . . . . v . > . . . . . . . . . . . . . . .
. . . . . . . . . . . . . . . . . . . . . . . a * . . U . . . . . . c + . + . > W . . . . . . . . .
. . . . . . . v 0 . 0 . 0 . . . . . . . . v . . . . n @ , . . . v . . . . . . b @ _ . . . . . . . .
. . . . . . . . + . + . + . . . . . . . . . . 1 + . . 6 . . . . . . . . . v . . 6 . . . . . . . . .
. . . . . . . . . . . . . v . . . . . . . v . . V . . . . . . . v . . . . W . . . . . . . . . . . .
. . . . . . . . . . . . . S . . . . . . . . . g @ ! . . . . . . . . . . 5 @ T . . . . . . . . . . .
. . . . . . . . . . . . . . . . . . . . . v . . 6 . . . . . . . v . . . . 6 . . . . . . . . . . . .
. . . . . . . . . . . . . . . . . . . . . . . . . . . . . . . . . . . . . . . . . . . . . . . . . .
. . . . . . . . . . . . . . . . . . . . b @ | . . . . . . . . . v . . . . . . . . . . . . . . . . .
. . . . . . . . . . . . . . . . . . . . . 6 . . . . . . . . . . . . . . . . . . . . . . . . . . . .
. . . . . . . . . . . . . . . . . . . . . . . . . . . . . . . 6 @ ! . . . . . . . . . . . . . . . .
. . . . . . . . . . . . . . . . . . . . . . . . . . . . . . . . 6 . . . . . . . . . . . . . . . . .
. . . . . . . . . . . . . . . . . . . . . . . . . . . . . . . . . . . . . . . . . . . . . . . . . .
. . . . . . . . . . . . . . . . . . . . . . . . . . . . . . . . . . . . . . . . . . . . . . . . . .
. . . . . . . . . . . . . . . . . . . . . . . . . . . . . . . . . . . . . . . . . . . . . . . . . .
. . . . . . . . . . . . . . . . . . . . . . . . . . . . . . . . . . . . . . . . . . . . . . . . . .
. . . . . . . . . . . . . . . . . . . . . . . . . . . . . . . . . . . . . . . . . . . . . . . . . .
. . . . . . . . . . . . . . . . . . . . . . . . . . . . . . . . . . . . . . . . . . . . . . . . . .
. . . . . . . . . . . . . . . . . . . . . . . . . . . . . . . . . . . . . . . . . . . . . . . . . .
. . . . . . . . . . . . . . . . . . . . . . . . . . . . . . . . . . . . . . . . . . . . . . . . . .
. . . . . . . . . . . . . . . . . . . . . . . . . . . . . . . . . . . . . . . . . . . . . . . . . .
. . . . . . . . . . . . . . . . . . . . . . . . . . . . . . . . . . . . . . . . . . . . . . . . . .
. . . . . . . . . . . . . . . . . . . . . . . . . . . . . . . . . . . . . . . . . . . . . . . . . .
. . . . . . . . . . . . . . . . . . . . . . . . . . . . . . . . . . . . . . . . . . . . . . . . . .
. . . . . . . . . . . . . . . . . . . . . . . . . . . . . . . . . . . . . . . . . . . . . . . . . .
. . . . . . . . . . . . . . . . . . . . . . . . . . . . . . . . . . . . . . . . . . . . . . . . . .
. . . . . . . . . . . . . . . . . . . . . . . . . . . . . . . . . . . . . . . . . . . . . . . . . .
. . . . . . . . . . . . . . . . . . . . . . . . . . . . . . . . . . . . . . . . . . . . . . . . . .
. . . . . . . . . . . . . . . . . . . . . . . . . . . . . . . . . . . . . . . . . . . . . . . . . .
. . . . . . . . . . . . . . . . . . . . . . . . . . . . . . . . . . . . . . . . . . . . . . . . . .
. . . . . . . . . . . . . . . . . . . . . . . . . . . . . . . . . . . . . . . . . . . . . . . . . .