. . . . 10 . . . . . 1 . 3 . . .
. . . 10 * . > . . -4 + . = . . .
. . . . . . 4 @ 1 . . . . @ -1 .
. . < . v . . 2 . . v 6 @ 2 . .
. v . ^ . > . > . . . . 2 . . .
. . . . v 0 + . v 1 @ 4 . . . .
. v . ^ . . . v . . 2 . . . . .
. . . . . 1 . . * . . . . . . .
. v . ^ 1 + . . . . . . . . . .
. . . . . . > . * . . . . . . .
-4 @ 3 ^ 1 + . . . . 1 . 0 . . .
. 11 . . < . > . * . * . + . . .
. . . . 15 = . . . . . . . > . .
. . < . < . . A * . . . + 4 @ 3
. v . > . . . . . . . . . . 11 .
. . ^ A * . . . + . > . / S . .
. v . . . . -1 ^ . . 4 @ 3 . . .
. . ^ A * . * . > . . 11 . . . .
. v . < . < A . 0 + . > . . . .
. . . . . . . 0 . . . 9 @ 2 . .
11 - . > . > . @ 7 . . . 11 . . .
. . . . . . . 11 . . . . . . . .
