. B . . . . . . . . . . . 
A - . . 1 . . . 0 . . . . 
. . > . + . > . = . . B . 
. . . . . . . . . > . + S 
. . . . v . . . . . . . . 
. . . . . . . . . . . . . 
. . . . v . . . . . . . . 
. . . . . > . > . > . . . 
. . . . . . . . . 7 @ 6 . 
. . . . . . . . . . 6 . . 
. . . . . . . . . . . . . 
. B . . . . . . . . . . . 
A - . . -1 . . . 0 . . . . 
. . > . + . > . = . . A . 
. . . . . . . . . > . + S 
. . . . v . . . . . . . . 
. . . . . . . . . . . . . 
. . . . v . . . . . . . . 
. B . . . > . > . > . . . 
A - . . 0 . . . . 7 @ 6 . 
. . > . = . > . . . 6 . . 
. . . . . . A + S . . . .
