. . . . . . . 10 . 0 . . . . . . .
. . . . . . A / . = . . . . . . .
. . . . . . v . . . . . . . . . .
. < . < . < . . 1 # . . . . . . .
v . . . . . v . . S . . . 10 . . .
. . . . . . . > . > . > . % . . .
v 10 . . . . v 10 . 0 . . . . . . .
. / . . . . . / . # . . . v . . .
. . v . . . v . . . . . . . . . .
. . . . . . . . 3 @ 2 . . v . . .
. . v . . . v . . 2 . . . . . . .
. . . . . < . > . > . > . # . . .
. . v . v 10 . . . . . . . . . . .
. . . . . * . > . . . . 0 # . . .
. . v . . . . -1 # . > . . S . . .
. . . > . / . . . v . v . . 10 . .
. . v . . . . 0 . . . . > . / . .
. . . . 0 # . # . # . > . . . v .
. . v . . . . . . . . 8 @ 5 . . .
. . . . . . . . . . . . 10 . . v .
. . v . . . . . . . . . . . . . .
. . . > . > . > . > . > . > . - .
. . . . . . . . . . . . . . . . .
. . . . . . . . . . . . . . 9 @ 22
. . . . . . . . . . . . . . . 21 .