. . . . . . > . > . > . > . . . . . . . . . . . . . . . . . . . .
. . . . 0 = . . . . . . -1 @ -4 . . . . . . . . . . . . . . . . . .
. . . . < . > . . . . . . 4 . . . . . . . . . . . . . . . . . . .
. . . v . . . v . . . . . . . . . . . . . . . . . . . . . . . . .
. . . . . . . . . . . . . . . 0 . . . . . . < . < . < . . . . . . 
. . . v . . . v . . . . . . . # . . . . . v . . . . . ^ . . . . .
. . . . . . . . . . . . . . . . v . . . . . . . > . > . . . . . . 
. . 15 @ -10 . -13 @ -4 . . . . . . . . . . . 5 @ -15 ^ . . . . . . . . . 
. . . 4 . . . 4 . . < . < . . . + S . . . 13 . . < . < . . . . . . 
. . . . . . . . . v . . . ^ . ^ . . 1 . . . . . . . . ^ . . . . . 
. . < . < . < . < . . . < . < 2 > . + . > . . . > . > . . . . . . 
. v . . . . . . . . . v . . . v . . . . . + . ^ . . . . . . . . . 
. . . . < . < . < . < . . . < . . . . . . . . A > . . . . . . . . 
. v . v . . . . . . . . . v . . . . . . 6 @ 3 v . v . . . . . . . 
. . . . > . > . > . > . . . . . . . . . . 4 . . . . > . > . > . . 
. v . . . . . . . . . v . v . . . . . . . . . v . . . . . . . v . 
. . . . . . . . . . < . . . . . . . . . . . . . . . < . < . < . .
. v . . . . . . -7 @ -15 . . v . . . . . > . > . # . v . . . . . . . 
. . . . . . . . . 13 . . . . . . . . . . . . . . . . > . > . . . . 
. v . . . . . . . . . . . v . . . . . . . . 0 @ 7 . . . . v . . .
. . . . < . < . < . < . . . . . . . . . . . . 4 . . . . . . . . .
-5 @ -3 v . . . . . . . ^ . v . . . . . . . . . . . . . . . v . . .
. 13 . . . . . . . . . . < . . . . . . . 0 . 1 . . . . . . . . . .
. . -5 @ -1 . . . . . < . > . > . - . > . = . + . . . . . 16 @ -8 . .
. . . 13 . . . . . * . ^ . . . . . . . . . . . . . . . . . 13 . . .
. . . . . . % . . . . 0 . . . 0 # . . . . . + . . . > . . . . . .
. . . . . ^ . > . + . . . . . . . . . . . ^ . v . ^ 14 @ -5 . . . .
. . . . . . . . . . . . . . . . + . > . . . . . . . . 12 . . . . .
. . . . . ^ . . -2 @ 5 . . . . ^ . . 14 @ 28 ^ 18 @ 28 ^ . . . . . . .
. . . . . . . . . 12 . . . . . . . . . 6 . . . 9 . . . . . . . . .
. . . . . ^ . . . . . . . . 0 ^ . . . . . ^ . . . ^ . . . . . . .
. . . . . . . . . . . . . . = . > . > . > . . . . . . . . . . . .
. . . . . ^ . . . . . . . v . . . . . . . . . . . ^ . . . . . . .
. . . . . . < . < . < . < . > . / . > . > . > . > . . . . . . . .
. . . . . . . . . . . . . . . . . . . . . . . . . . . . . . . . .
